<?xml version="1.0" encoding="UTF-8"?>
<!-- Generated by org.testng.reporters.JUnitReportReporter -->
<testsuite hostname="DESKTOP-0VSKRAB" failures="0" tests="2" name="testcases.LaunchChrome" time="14.980" errors="0" timestamp="24 Sep 2022 20:56:52 GMT" skipped="0">
  <testcase classname="testcases.LaunchChrome" name="launchB" time="13.763"/>
  <testcase classname="testcases.LaunchChrome" name="quitB" time="1.217"/>
</testsuite> <!-- testcases.LaunchChrome -->
