<?xml version="1.0" encoding="UTF-8"?>
<!-- Generated by org.testng.reporters.JUnitReportReporter -->
<testsuite hostname="DESKTOP-0VSKRAB" failures="0" tests="2" name="testcases.LaunchChrome" time="44.041" errors="0" timestamp="25 Sep 2022 08:46:24 GMT" skipped="0">
  <testcase classname="testcases.LaunchChrome" name="launchB" time="43.753"/>
  <testcase classname="testcases.LaunchChrome" name="quitB" time="0.288"/>
</testsuite> <!-- testcases.LaunchChrome -->
